<?xml version="1.0" encoding="UTF-8"?>
<!-- Generated by org.testng.reporters.JUnitXMLReporter -->
<testsuite hostname="DESKTOP-OD52FIN" ignored="0" name="Testcase1" tests="1" failures="0" timestamp="17 Apr 2019 17:42:06 GMT" time="0.066" errors="0">
  <testcase name="@BeforeClass setUp" time="0.0" classname="com.nopcommerce.testCases.BaseClass">
    <failure type="org.testng.TestNGException" message="
Parameter &amp;apos;browser&amp;apos; is required by BeforeClass on method setUp but has not been marked @Optional or defined
in C:\Users\Louis\eclipse-workspace\nopCommerce_V001\TestNG.xml">
      <![CDATA[org.testng.TestNGException: 
Parameter 'browser' is required by BeforeClass on method setUp but has not been marked @Optional or defined
in C:\Users\Louis\eclipse-workspace\nopCommerce_V001\TestNG.xml
... Removed 23 stack frames]]>
    </failure>
  </testcase> <!-- @BeforeClass setUp -->
  <testcase name="LoginTest" time="0.0" classname="com.nopcommerce.testCases.TC_LoginTest_001">
    <skipped/>
  </testcase> <!-- LoginTest -->
</testsuite> <!-- Testcase1 -->
